<?xml version="1.0" encoding="UTF-8"?>
<!-- Generated by org.testng.reporters.JUnitReportReporter -->
<testsuite hostname="DESKTOP-4LREKPR" failures="0" tests="1" name="haniehsadatiacademy.SeleniumFrameDesign.ErrorValidations" time="6.452" errors="0" timestamp="2024-12-06T20:26:10 EST" skipped="0">
  <testcase classname="haniehsadatiacademy.SeleniumFrameDesign.ErrorValidations" name="SubmitOrder" time="6.452"/>
</testsuite> <!-- haniehsadatiacademy.SeleniumFrameDesign.ErrorValidations -->
