<?xml version="1.0" encoding="UTF-8"?>
<!-- Generated by org.testng.reporters.JUnitReportReporter -->
<testsuite hostname="sunflower" failures="0" tests="3" name="haniehsadatiacademy.SeleniumFrameDesign.SubmitOrderUsingDataProvider" time="27.428" errors="0" timestamp="2024-12-19T09:36:28 EST" skipped="0">
  <testcase classname="haniehsadatiacademy.SeleniumFrameDesign.SubmitOrderUsingDataProvider" name="OrderHistoryTest" time="6.002"/>
  <testcase classname="haniehsadatiacademy.SeleniumFrameDesign.SubmitOrderUsingDataProvider" name="SubmitOrder" time="9.691"/>
  <testcase classname="haniehsadatiacademy.SeleniumFrameDesign.SubmitOrderUsingDataProvider" name="SubmitOrder" time="11.735"/>
</testsuite> <!-- haniehsadatiacademy.SeleniumFrameDesign.SubmitOrderUsingDataProvider -->
