<?xml version="1.0" encoding="UTF-8"?>
<!-- Generated by org.testng.reporters.JUnitReportReporter -->
<testsuite hostname="DESKTOP-4LREKPR" failures="0" tests="3" name="haniehsadatiacademy.SeleniumFrameDesign.SubmitOrderUsingDataProviderHashMap" time="49.867" errors="0" timestamp="2024-12-09T20:10:08 EST" skipped="0">
  <testcase classname="haniehsadatiacademy.SeleniumFrameDesign.SubmitOrderUsingDataProviderHashMap" name="SubmitOrder" time="23.371"/>
  <testcase classname="haniehsadatiacademy.SeleniumFrameDesign.SubmitOrderUsingDataProviderHashMap" name="SubmitOrder" time="23.056"/>
  <testcase classname="haniehsadatiacademy.SeleniumFrameDesign.SubmitOrderUsingDataProviderHashMap" name="OrderHistoryTest" time="3.440"/>
</testsuite> <!-- haniehsadatiacademy.SeleniumFrameDesign.SubmitOrderUsingDataProviderHashMap -->
