<?xml version="1.0" encoding="UTF-8"?>
<!-- Generated by org.testng.reporters.JUnitReportReporter -->
<testsuite hostname="DESKTOP-4LREKPR" failures="0" tests="2" name="haniehsadatiacademy.SeleniumFrameDesign.SubmitOrderUsingDataProvider" time="31.469" errors="0" timestamp="2024-12-11T13:09:18 EST" skipped="0">
  <testcase classname="haniehsadatiacademy.SeleniumFrameDesign.SubmitOrderUsingDataProvider" name="SubmitOrder" time="21.056"/>
  <testcase classname="haniehsadatiacademy.SeleniumFrameDesign.SubmitOrderUsingDataProvider" name="SubmitOrder" time="10.413"/>
</testsuite> <!-- haniehsadatiacademy.SeleniumFrameDesign.SubmitOrderUsingDataProvider -->
